--------------------------------------------------------------------------------
 Project integration - START (2017-12-04 08:52:38) 
--------------------------------------------------------------------------------
FE snapshot name: DCDV
BE snapshot name: PCB_Layout_Temp
Top level block: (2-1-5)
Parameters: FAConstraints,FEWin,
--------------------------------------------------------------------------------
--------------------------------------------------------------------------------
 CES synchronization - START (2017-12-04 08:52:39) 
--------------------------------------------------------------------------------

--------------------------------------------------------------------------------
 TOPOLOGY synchronization - START (2017-12-04 08:52:39) 
--------------------------------------------------------------------------------
--------------------------------------------------------------------------------
 TOPOLOGY synchronization - END (2017-12-04 08:52:39) 
--------------------------------------------------------------------------------
[Skipped][Addition] - [FE->BE] [P: CesPart,70-0042,(4135-1-53)] [O: CesConstraint,PART_TYPE,(4135-1-22)]
[Skipped][Addition] - [FE->BE] [P: CesPart,70-0007,(4135-2-53)] [O: CesConstraint,PART_TYPE,(4135-2-22)]
[Skipped][Addition] - [FE->BE] [P: CesPart,40-0317,(4135-3-53)] [O: CesConstraint,PART_TYPE,(4135-3-22)]
[Skipped][Addition] - [FE->BE] [P: CesPart,10-0112,(4135-4-53)] [O: CesConstraint,PART_TYPE,(4135-4-22)]
[Skipped][Addition] - [FE->BE] [P: CesPart,10-0112,(4135-4-53)] [O: CesConstraint,DEF_VALUE,(4135-5-22)]
[Skipped][Addition] - [FE->BE] [P: CesPart,40-0308,(4135-5-53)] [O: CesConstraint,PART_TYPE,(4135-6-22)]
[Skipped][Addition] - [FE->BE] [P: CesPart,00-0098,(4135-6-53)] [O: CesConstraint,PART_TYPE,(4135-7-22)]
[Skipped][Addition] - [FE->BE] [P: CesPart,00-0098,(4135-6-53)] [O: CesConstraint,DEF_VALUE,(4135-8-22)]
[Skipped][Addition] - [FE->BE] [P: CesPart,40-0287,(4135-7-53)] [O: CesConstraint,PART_TYPE,(4135-9-22)]
[Skipped][Addition] - [FE->BE] [P: CesPart,10-0058,(4135-9-53)] [O: CesConstraint,PART_TYPE,(4135-11-22)]
[Skipped][Addition] - [FE->BE] [P: CesPart,10-0058,(4135-9-53)] [O: CesConstraint,DEF_VALUE,(4135-12-22)]
[Skipped][Addition] - [FE->BE] [P: CesPart,10-0075,(4135-10-53)] [O: CesConstraint,PART_TYPE,(4135-13-22)]
[Skipped][Addition] - [FE->BE] [P: CesPart,10-0075,(4135-10-53)] [O: CesConstraint,DEF_VALUE,(4135-14-22)]
[Skipped][Addition] - [FE->BE] [P: CesPart,10-0037,(4135-11-53)] [O: CesConstraint,PART_TYPE,(4135-15-22)]
[Skipped][Addition] - [FE->BE] [P: CesPart,10-0037,(4135-11-53)] [O: CesConstraint,DEF_VALUE,(4135-16-22)]
[Skipped][Addition] - [FE->BE] [P: CesPart,10-0067,(4135-12-53)] [O: CesConstraint,PART_TYPE,(4135-17-22)]
[Skipped][Addition] - [FE->BE] [P: CesPart,10-0067,(4135-12-53)] [O: CesConstraint,DEF_VALUE,(4135-18-22)]
[Skipped][Addition] - [FE->BE] [P: CesPart,10-0096,(4135-17-53)] [O: CesConstraint,PART_TYPE,(4135-27-22)]
[Skipped][Addition] - [FE->BE] [P: CesPart,10-0096,(4135-17-53)] [O: CesConstraint,DEF_VALUE,(4135-28-22)]
[Skipped][Addition] - [FE->BE] [P: CesComp,C1,(4135-4-51)] [O: CesConstraint,DEF_VALUE,(4135-31-22)]
[Skipped][Addition] - [FE->BE] [P: CesComp,C2,(4135-5-51)] [O: CesConstraint,DEF_VALUE,(4135-32-22)]
[Skipped][Addition] - [FE->BE] [P: CesComp,C3,(4135-6-51)] [O: CesConstraint,DEF_VALUE,(4135-33-22)]
[Skipped][Addition] - [FE->BE] [P: CesComp,C4,(4135-7-51)] [O: CesConstraint,DEF_VALUE,(4135-34-22)]
[Skipped][Addition] - [FE->BE] [P: CesComp,C6,(4135-9-51)] [O: CesConstraint,DEF_VALUE,(4135-36-22)]
[Skipped][Addition] - [FE->BE] [P: CesComp,R3,(4135-13-51)] [O: CesConstraint,DEF_VALUE,(4135-39-22)]
[Skipped][Addition] - [FE->BE] [P: CesComp,C7,(4135-23-51)] [O: CesConstraint,DEF_VALUE,(4135-40-22)]
[Skipped][Addition] - [FE->BE] [P: CesComp,C8,(4135-24-51)] [O: CesConstraint,DEF_VALUE,(4135-41-22)]
[Skipped][Addition] - [FE->BE] [P: CesComp,C10,(4135-26-51)] [O: CesConstraint,DEF_VALUE,(4135-43-22)]
[Skipped][Addition] - [FE->BE] [P: CesComp,C14,(4135-33-51)] [O: CesConstraint,DEF_VALUE,(4135-50-22)]
[Skipped][Addition] - [FE->BE] [P: CesComp,C15,(4135-34-51)] [O: CesConstraint,DEF_VALUE,(4135-51-22)]
[Skipped][Addition] - [FE->BE] [P: CesComp,J1,(4135-1-51)] [O: CesConstraint,PACKAGED_COMP,(4135-52-22)]
[Skipped][Addition] - [FE->BE] [P: CesComp,J2,(4135-2-51)] [O: CesConstraint,PACKAGED_COMP,(4135-53-22)]
[Skipped][Addition] - [FE->BE] [P: CesComp,U1,(4135-3-51)] [O: CesConstraint,PACKAGED_COMP,(4135-54-22)]
[Skipped][Addition] - [FE->BE] [P: CesComp,C1,(4135-4-51)] [O: CesConstraint,PACKAGED_COMP,(4135-55-22)]
[Skipped][Addition] - [FE->BE] [P: CesComp,C2,(4135-5-51)] [O: CesConstraint,PACKAGED_COMP,(4135-56-22)]
[Skipped][Addition] - [FE->BE] [P: CesComp,C3,(4135-6-51)] [O: CesConstraint,PACKAGED_COMP,(4135-57-22)]
[Skipped][Addition] - [FE->BE] [P: CesComp,C4,(4135-7-51)] [O: CesConstraint,PACKAGED_COMP,(4135-58-22)]
[Skipped][Addition] - [FE->BE] [P: CesComp,C6,(4135-9-51)] [O: CesConstraint,PACKAGED_COMP,(4135-60-22)]
[Skipped][Addition] - [FE->BE] [P: CesComp,U2,(4135-10-51)] [O: CesConstraint,PACKAGED_COMP,(4135-61-22)]
[Skipped][Addition] - [FE->BE] [P: CesComp,R3,(4135-13-51)] [O: CesConstraint,PACKAGED_COMP,(4135-64-22)]
[Skipped][Addition] - [FE->BE] [P: CesComp,U3,(4135-14-51)] [O: CesConstraint,PACKAGED_COMP,(4135-65-22)]
[Skipped][Addition] - [FE->BE] [P: CesComp,C7,(4135-23-51)] [O: CesConstraint,PACKAGED_COMP,(4135-74-22)]
[Skipped][Addition] - [FE->BE] [P: CesComp,C8,(4135-24-51)] [O: CesConstraint,PACKAGED_COMP,(4135-75-22)]
[Skipped][Addition] - [FE->BE] [P: CesComp,C10,(4135-26-51)] [O: CesConstraint,PACKAGED_COMP,(4135-77-22)]
[Skipped][Addition] - [FE->BE] [P: CesComp,C14,(4135-33-51)] [O: CesConstraint,PACKAGED_COMP,(4135-84-22)]
[Skipped][Addition] - [FE->BE] [P: CesComp,C15,(4135-34-51)] [O: CesConstraint,PACKAGED_COMP,(4135-85-22)]
[Skipped][Addition] - [FE->BE] [P: CesPart,70-0081,(4168-1-53)] [O: CesConstraint,PART_TYPE,(4168-1-22)]
[Skipped][Addition] - [FE->BE] [P: CesPart,10-0001,(4168-3-53)] [O: CesConstraint,PART_TYPE,(4168-3-22)]
[Skipped][Addition] - [FE->BE] [P: CesPart,10-0001,(4168-3-53)] [O: CesConstraint,DEF_VALUE,(4168-4-22)]
[Skipped][Addition] - [FE->BE] [P: CesPart,00-0050,(4168-6-53)] [O: CesConstraint,PART_TYPE,(4168-7-22)]
[Skipped][Addition] - [FE->BE] [P: CesPart,00-0050,(4168-6-53)] [O: CesConstraint,DEF_VALUE,(4168-8-22)]
[Skipped][Addition] - [FE->BE] [P: CesComp,C9,(4168-4-51)] [O: CesConstraint,DEF_VALUE,(4168-10-22)]
[Skipped][Addition] - [FE->BE] [P: CesComp,C11,(4168-5-51)] [O: CesConstraint,DEF_VALUE,(4168-11-22)]
[Skipped][Addition] - [FE->BE] [P: CesComp,C12,(4168-6-51)] [O: CesConstraint,DEF_VALUE,(4168-12-22)]
[Skipped][Addition] - [FE->BE] [P: CesComp,C16,(4168-7-51)] [O: CesConstraint,DEF_VALUE,(4168-13-22)]
[Skipped][Addition] - [FE->BE] [P: CesComp,C17,(4168-8-51)] [O: CesConstraint,DEF_VALUE,(4168-14-22)]
[Skipped][Addition] - [FE->BE] [P: CesComp,C18,(4168-9-51)] [O: CesConstraint,DEF_VALUE,(4168-15-22)]
[Skipped][Addition] - [FE->BE] [P: CesComp,C21,(4168-12-51)] [O: CesConstraint,DEF_VALUE,(4168-18-22)]
[Skipped][Addition] - [FE->BE] [P: CesComp,J3,(4168-1-51)] [O: CesConstraint,PACKAGED_COMP,(4168-20-22)]
[Skipped][Addition] - [FE->BE] [P: CesComp,J4,(4168-2-51)] [O: CesConstraint,PACKAGED_COMP,(4168-21-22)]
[Skipped][Addition] - [FE->BE] [P: CesComp,C9,(4168-4-51)] [O: CesConstraint,PACKAGED_COMP,(4168-23-22)]
[Skipped][Addition] - [FE->BE] [P: CesComp,C11,(4168-5-51)] [O: CesConstraint,PACKAGED_COMP,(4168-24-22)]
[Skipped][Addition] - [FE->BE] [P: CesComp,C12,(4168-6-51)] [O: CesConstraint,PACKAGED_COMP,(4168-25-22)]
[Skipped][Addition] - [FE->BE] [P: CesComp,C16,(4168-7-51)] [O: CesConstraint,PACKAGED_COMP,(4168-26-22)]
[Skipped][Addition] - [FE->BE] [P: CesComp,C17,(4168-8-51)] [O: CesConstraint,PACKAGED_COMP,(4168-27-22)]
[Skipped][Addition] - [FE->BE] [P: CesComp,C18,(4168-9-51)] [O: CesConstraint,PACKAGED_COMP,(4168-28-22)]
[Skipped][Addition] - [FE->BE] [P: CesComp,C21,(4168-12-51)] [O: CesConstraint,PACKAGED_COMP,(4168-31-22)]
[Skipped][Addition] - [FE->BE] [P: CesPart,00-0090,(4176-4-53)] [O: CesConstraint,PART_TYPE,(4176-4-22)]
[Skipped][Addition] - [FE->BE] [P: CesPart,00-0090,(4176-4-53)] [O: CesConstraint,DEF_VALUE,(4176-5-22)]
[Skipped][Addition] - [FE->BE] [P: CesPart,20-0009,(4176-6-53)] [O: CesConstraint,PART_TYPE,(4176-7-22)]
[Skipped][Addition] - [FE->BE] [P: CesComp,R6,(4176-7-51)] [O: CesConstraint,DEF_VALUE,(4176-10-22)]
[Skipped][Addition] - [FE->BE] [P: CesComp,R7,(4176-10-51)] [O: CesConstraint,DEF_VALUE,(4176-11-22)]
[Skipped][Addition] - [FE->BE] [P: CesComp,R6,(4176-7-51)] [O: CesConstraint,PACKAGED_COMP,(4176-19-22)]
[Skipped][Addition] - [FE->BE] [P: CesComp,R7,(4176-10-51)] [O: CesConstraint,PACKAGED_COMP,(4176-22-22)]
[Skipped][Addition] - [FE->BE] [P: CesComp,D4,(4176-13-51)] [O: CesConstraint,PACKAGED_COMP,(4176-25-22)]
[Skipped][Addition] - [FE->BE] [P: CesPart,80-0063,(4195-1-53)] [O: CesConstraint,PART_TYPE,(4195-1-22)]
[Skipped][Addition] - [FE->BE] [P: CesPart,83-0025,(4195-2-53)] [O: CesConstraint,PART_TYPE,(4195-2-22)]
[Skipped][Addition] - [FE->BE] [P: CesPart,20-0038,(4195-5-53)] [O: CesConstraint,PART_TYPE,(4195-5-22)]
[Skipped][Addition] - [FE->BE] [P: CesPart,00-0061,(4195-6-53)] [O: CesConstraint,PART_TYPE,(4195-6-22)]
[Skipped][Addition] - [FE->BE] [P: CesPart,00-0061,(4195-6-53)] [O: CesConstraint,DEF_VALUE,(4195-7-22)]
[Skipped][Addition] - [FE->BE] [P: CesPart,00-0109,(4195-7-53)] [O: CesConstraint,PART_TYPE,(4195-8-22)]
[Skipped][Addition] - [FE->BE] [P: CesPart,00-0109,(4195-7-53)] [O: CesConstraint,DEF_VALUE,(4195-9-22)]
[Skipped][Addition] - [FE->BE] [P: CesPart,70-0002,(4195-8-53)] [O: CesConstraint,PART_TYPE,(4195-10-22)]
[Skipped][Addition] - [FE->BE] [P: CesComp,C5,(4195-10-51)] [O: CesConstraint,DEF_VALUE,(4195-11-22)]
[Skipped][Addition] - [FE->BE] [P: CesComp,R1,(4195-16-51)] [O: CesConstraint,DEF_VALUE,(4195-12-22)]
[Skipped][Addition] - [FE->BE] [P: CesComp,R2,(4195-17-51)] [O: CesConstraint,DEF_VALUE,(4195-13-22)]
[Skipped][Addition] - [FE->BE] [P: CesComp,R4,(4195-18-51)] [O: CesConstraint,DEF_VALUE,(4195-14-22)]
[Skipped][Addition] - [FE->BE] [P: CesComp,R5,(4195-19-51)] [O: CesConstraint,DEF_VALUE,(4195-15-22)]
[Skipped][Addition] - [FE->BE] [P: CesComp,PT1,(4195-1-51)] [O: CesConstraint,PACKAGED_COMP,(4195-16-22)]
[Skipped][Addition] - [FE->BE] [P: CesComp,PT2,(4195-2-51)] [O: CesConstraint,PACKAGED_COMP,(4195-17-22)]
[Skipped][Addition] - [FE->BE] [P: CesComp,PT3,(4195-3-51)] [O: CesConstraint,PACKAGED_COMP,(4195-18-22)]
[Skipped][Addition] - [FE->BE] [P: CesComp,PT4,(4195-4-51)] [O: CesConstraint,PACKAGED_COMP,(4195-19-22)]
[Skipped][Addition] - [FE->BE] [P: CesComp,PT5,(4195-5-51)] [O: CesConstraint,PACKAGED_COMP,(4195-20-22)]
[Skipped][Addition] - [FE->BE] [P: CesComp,PT6,(4195-6-51)] [O: CesConstraint,PACKAGED_COMP,(4195-21-22)]
[Skipped][Addition] - [FE->BE] [P: CesComp,PT7,(4195-7-51)] [O: CesConstraint,PACKAGED_COMP,(4195-22-22)]
[Skipped][Addition] - [FE->BE] [P: CesComp,PT8,(4195-8-51)] [O: CesConstraint,PACKAGED_COMP,(4195-23-22)]
[Skipped][Addition] - [FE->BE] [P: CesComp,PT9,(4195-9-51)] [O: CesConstraint,PACKAGED_COMP,(4195-24-22)]
[Skipped][Addition] - [FE->BE] [P: CesComp,C5,(4195-10-51)] [O: CesConstraint,PACKAGED_COMP,(4195-25-22)]
[Skipped][Addition] - [FE->BE] [P: CesComp,QZ3,(4195-12-51)] [O: CesConstraint,PACKAGED_COMP,(4195-27-22)]
[Skipped][Addition] - [FE->BE] [P: CesComp,D1,(4195-15-51)] [O: CesConstraint,PACKAGED_COMP,(4195-30-22)]
[Skipped][Addition] - [FE->BE] [P: CesComp,R1,(4195-16-51)] [O: CesConstraint,PACKAGED_COMP,(4195-31-22)]
[Skipped][Addition] - [FE->BE] [P: CesComp,R2,(4195-17-51)] [O: CesConstraint,PACKAGED_COMP,(4195-32-22)]
[Skipped][Addition] - [FE->BE] [P: CesComp,R4,(4195-18-51)] [O: CesConstraint,PACKAGED_COMP,(4195-33-22)]
[Skipped][Addition] - [FE->BE] [P: CesComp,R5,(4195-19-51)] [O: CesConstraint,PACKAGED_COMP,(4195-34-22)]
[Skipped][Addition] - [FE->BE] [P: CesComp,J5,(4195-20-51)] [O: CesConstraint,PACKAGED_COMP,(4195-35-22)]
[Skipped][Addition] - [FE->BE] [P: CesPart,30-0006,(4221-1-53)] [O: CesConstraint,PART_TYPE,(4221-1-22)]
[Skipped][Addition] - [FE->BE] [P: CesPart,30-0008,(4221-2-53)] [O: CesConstraint,PART_TYPE,(4221-2-22)]
[Skipped][Addition] - [FE->BE] [P: CesPart,30-0010,(4221-3-53)] [O: CesConstraint,PART_TYPE,(4221-3-22)]
[Skipped][Addition] - [FE->BE] [P: CesPart,30-0014,(4221-4-53)] [O: CesConstraint,PART_TYPE,(4221-4-22)]
[Skipped][Addition] - [FE->BE] [P: CesPart,30-0016,(4221-5-53)] [O: CesConstraint,PART_TYPE,(4221-5-22)]
[Skipped][Addition] - [FE->BE] [P: CesPart,30-0017,(4221-6-53)] [O: CesConstraint,PART_TYPE,(4221-6-22)]
[Skipped][Addition] - [FE->BE] [P: CesPart,30-0022,(4221-7-53)] [O: CesConstraint,PART_TYPE,(4221-7-22)]
[Skipped][Addition] - [FE->BE] [P: CesPart,30-0025,(4221-8-53)] [O: CesConstraint,PART_TYPE,(4221-8-22)]
[Skipped][Addition] - [FE->BE] [P: CesPart,30-0026,(4221-9-53)] [O: CesConstraint,PART_TYPE,(4221-9-22)]
[Skipped][Addition] - [FE->BE] [P: CesPart,00-0001,(4221-10-53)] [O: CesConstraint,PART_TYPE,(4221-10-22)]
[Skipped][Addition] - [FE->BE] [P: CesPart,00-0001,(4221-10-53)] [O: CesConstraint,DEF_VALUE,(4221-11-22)]
[Skipped][Addition] - [FE->BE] [P: CesPart,80-0050,(4221-11-53)] [O: CesConstraint,PART_TYPE,(4221-12-22)]
[Skipped][Addition] - [FE->BE] [P: CesComp,R8,(4221-10-51)] [O: CesConstraint,DEF_VALUE,(4221-13-22)]
[Skipped][Addition] - [FE->BE] [P: CesComp,R9,(4221-11-51)] [O: CesConstraint,DEF_VALUE,(4221-14-22)]
[Skipped][Addition] - [FE->BE] [P: CesComp,R10,(4221-12-51)] [O: CesConstraint,DEF_VALUE,(4221-15-22)]
[Skipped][Addition] - [FE->BE] [P: CesComp,Q1,(4221-1-51)] [O: CesConstraint,PACKAGED_COMP,(4221-16-22)]
[Skipped][Addition] - [FE->BE] [P: CesComp,Q2,(4221-2-51)] [O: CesConstraint,PACKAGED_COMP,(4221-17-22)]
[Skipped][Addition] - [FE->BE] [P: CesComp,Q3,(4221-3-51)] [O: CesConstraint,PACKAGED_COMP,(4221-18-22)]
[Skipped][Addition] - [FE->BE] [P: CesComp,Q4,(4221-4-51)] [O: CesConstraint,PACKAGED_COMP,(4221-19-22)]
[Skipped][Addition] - [FE->BE] [P: CesComp,Q5,(4221-5-51)] [O: CesConstraint,PACKAGED_COMP,(4221-20-22)]
[Skipped][Addition] - [FE->BE] [P: CesComp,Q6,(4221-6-51)] [O: CesConstraint,PACKAGED_COMP,(4221-21-22)]
[Skipped][Addition] - [FE->BE] [P: CesComp,Q7,(4221-7-51)] [O: CesConstraint,PACKAGED_COMP,(4221-22-22)]
[Skipped][Addition] - [FE->BE] [P: CesComp,Q8,(4221-8-51)] [O: CesConstraint,PACKAGED_COMP,(4221-23-22)]
[Skipped][Addition] - [FE->BE] [P: CesComp,Q9,(4221-9-51)] [O: CesConstraint,PACKAGED_COMP,(4221-24-22)]
[Skipped][Addition] - [FE->BE] [P: CesComp,R8,(4221-10-51)] [O: CesConstraint,PACKAGED_COMP,(4221-25-22)]
[Skipped][Addition] - [FE->BE] [P: CesComp,R9,(4221-11-51)] [O: CesConstraint,PACKAGED_COMP,(4221-26-22)]
[Skipped][Addition] - [FE->BE] [P: CesComp,R10,(4221-12-51)] [O: CesConstraint,PACKAGED_COMP,(4221-27-22)]
[Skipped][Addition] - [FE->BE] [P: CesComp,U4,(4221-13-51)] [O: CesConstraint,PACKAGED_COMP,(4221-28-22)]
--------------------------------------------------------------------------------
 CES synchronization - END (2017-12-04 08:52:39) 
--------------------------------------------------------------------------------
--------------------------------------------------------------------------------
 Project integration - END (2017-12-04 08:52:39) 
--------------------------------------------------------------------------------
